0 info it worked if it ends with ok
1 verbose cli [ 'node',
1 verbose cli   '/usr/local/bin/npm',
1 verbose cli   'install',
1 verbose cli   '-g',
1 verbose cli   'bower',
1 verbose cli   'grunt-cli' ]
2 info using npm@1.4.14
3 info using node@v0.10.29
4 verbose cache add [ 'bower', null ]
5 verbose cache add name=undefined spec="bower" args=["bower",null]
6 verbose parsed url { protocol: null,
6 verbose parsed url   slashes: null,
6 verbose parsed url   auth: null,
6 verbose parsed url   host: null,
6 verbose parsed url   port: null,
6 verbose parsed url   hostname: null,
6 verbose parsed url   hash: null,
6 verbose parsed url   search: null,
6 verbose parsed url   query: null,
6 verbose parsed url   pathname: 'bower',
6 verbose parsed url   path: 'bower',
6 verbose parsed url   href: 'bower' }
7 verbose cache add [ 'grunt-cli', null ]
8 verbose cache add name=undefined spec="grunt-cli" args=["grunt-cli",null]
9 verbose parsed url { protocol: null,
9 verbose parsed url   slashes: null,
9 verbose parsed url   auth: null,
9 verbose parsed url   host: null,
9 verbose parsed url   port: null,
9 verbose parsed url   hostname: null,
9 verbose parsed url   hash: null,
9 verbose parsed url   search: null,
9 verbose parsed url   query: null,
9 verbose parsed url   pathname: 'grunt-cli',
9 verbose parsed url   path: 'grunt-cli',
9 verbose parsed url   href: 'grunt-cli' }
10 silly lockFile 206e3ce5-bower bower
11 verbose lock bower /Users/JuliaJoseph/.npm/206e3ce5-bower.lock
12 silly lockFile 671ef8ac-grunt-cli grunt-cli
13 verbose lock grunt-cli /Users/JuliaJoseph/.npm/671ef8ac-grunt-cli.lock
14 silly lockFile 206e3ce5-bower bower
15 silly lockFile 206e3ce5-bower bower
16 silly lockFile 671ef8ac-grunt-cli grunt-cli
17 silly lockFile 671ef8ac-grunt-cli grunt-cli
18 verbose addNamed [ 'bower', '' ]
19 verbose addNamed [ null, '*' ]
20 silly lockFile 1240aab1-bower bower@
21 verbose lock bower@ /Users/JuliaJoseph/.npm/1240aab1-bower.lock
22 verbose addNamed [ 'grunt-cli', '' ]
23 verbose addNamed [ null, '*' ]
24 silly lockFile d63f3d0b-grunt-cli grunt-cli@
25 verbose lock grunt-cli@ /Users/JuliaJoseph/.npm/d63f3d0b-grunt-cli.lock
26 silly addNameRange { name: 'bower', range: '*', hasData: false }
27 silly addNameRange { name: 'grunt-cli', range: '*', hasData: false }
28 verbose url raw grunt-cli
29 verbose url resolving [ 'https://registry.npmjs.org/', './grunt-cli' ]
30 verbose url resolved https://registry.npmjs.org/grunt-cli
31 info trying registry request attempt 1 at 14:33:58
32 http GET https://registry.npmjs.org/grunt-cli
33 verbose url raw bower
34 verbose url resolving [ 'https://registry.npmjs.org/', './bower' ]
35 verbose url resolved https://registry.npmjs.org/bower
36 info trying registry request attempt 1 at 14:33:58
37 verbose etag "6SBFIUM8LP5DNI1T4HZUJPHFJ"
38 http GET https://registry.npmjs.org/bower
39 http 200 https://registry.npmjs.org/grunt-cli
40 silly registry.get cb [ 200,
40 silly registry.get   { date: 'Sun, 13 Jul 2014 19:33:58 GMT',
40 silly registry.get     server: 'CouchDB/1.5.0 (Erlang OTP/R16B03)',
40 silly registry.get     etag: '"40IABW56M8OCA9ILLN62ERFVS"',
40 silly registry.get     'content-type': 'application/json',
40 silly registry.get     'cache-control': 'max-age=30',
40 silly registry.get     'content-length': '19758',
40 silly registry.get     'accept-ranges': 'bytes',
40 silly registry.get     via: '1.1 varnish',
40 silly registry.get     age: '211',
40 silly registry.get     'x-served-by': 'cache-dfw1830-DFW',
40 silly registry.get     'x-cache': 'HIT',
40 silly registry.get     'x-cache-hits': '1',
40 silly registry.get     'x-timer': 'S1405280038.591459,VS0,VE53',
40 silly registry.get     vary: 'Accept',
40 silly registry.get     'keep-alive': 'timeout=10, max=50',
40 silly registry.get     connection: 'Keep-Alive' } ]
41 silly addNameRange number 2 { name: 'grunt-cli', range: '*', hasData: true }
42 silly addNameRange versions [ 'grunt-cli',
42 silly addNameRange   [ '0.1.0',
42 silly addNameRange     '0.1.1',
42 silly addNameRange     '0.1.2',
42 silly addNameRange     '0.1.3',
42 silly addNameRange     '0.1.4',
42 silly addNameRange     '0.1.5',
42 silly addNameRange     '0.1.6',
42 silly addNameRange     '0.1.7',
42 silly addNameRange     '0.1.8',
42 silly addNameRange     '0.1.9',
42 silly addNameRange     '0.1.10',
42 silly addNameRange     '0.1.11',
42 silly addNameRange     '0.1.12',
42 silly addNameRange     '0.1.13' ] ]
43 verbose addNamed [ 'grunt-cli', '0.1.13' ]
44 verbose addNamed [ '0.1.13', '0.1.13' ]
45 silly lockFile 28997503-grunt-cli-0-1-13 grunt-cli@0.1.13
46 verbose lock grunt-cli@0.1.13 /Users/JuliaJoseph/.npm/28997503-grunt-cli-0-1-13.lock
47 silly lockFile ab76c46e-g-grunt-cli-grunt-cli-0-1-13-tgz https://registry.npmjs.org/grunt-cli/-/grunt-cli-0.1.13.tgz
48 verbose lock https://registry.npmjs.org/grunt-cli/-/grunt-cli-0.1.13.tgz /Users/JuliaJoseph/.npm/ab76c46e-g-grunt-cli-grunt-cli-0-1-13-tgz.lock
49 verbose addRemoteTarball [ 'https://registry.npmjs.org/grunt-cli/-/grunt-cli-0.1.13.tgz',
49 verbose addRemoteTarball   'e9ebc4047631f5012d922770c39378133cad10f4' ]
50 info retry fetch attempt 1 at 14:33:58
51 verbose fetch to= /var/folders/hh/y2_npyzn7pldd3ky151k30gm0000gn/T/npm-48581-UD7WsxOQ/registry.npmjs.org/grunt-cli/-/grunt-cli-0.1.13.tgz
52 http GET https://registry.npmjs.org/grunt-cli/-/grunt-cli-0.1.13.tgz
53 http 200 https://registry.npmjs.org/bower
54 silly registry.get cb [ 200,
54 silly registry.get   { date: 'Sun, 13 Jul 2014 19:33:58 GMT',
54 silly registry.get     server: 'CouchDB/1.5.0 (Erlang OTP/R16B03)',
54 silly registry.get     etag: '"4P6YSUBCLQNFPHYEK6PO92VJI"',
54 silly registry.get     'content-type': 'application/json',
54 silly registry.get     'cache-control': 'max-age=30',
54 silly registry.get     'content-length': '107628',
54 silly registry.get     'accept-ranges': 'bytes',
54 silly registry.get     via: '1.1 varnish',
54 silly registry.get     age: '358',
54 silly registry.get     'x-served-by': 'cache-dfw1821-DFW',
54 silly registry.get     'x-cache': 'HIT',
54 silly registry.get     'x-cache-hits': '1',
54 silly registry.get     'x-timer': 'S1405280038.591145,VS0,VE41',
54 silly registry.get     vary: 'Accept',
54 silly registry.get     'keep-alive': 'timeout=10, max=50',
54 silly registry.get     connection: 'Keep-Alive' } ]
55 silly addNameRange number 2 { name: 'bower', range: '*', hasData: true }
56 silly addNameRange versions [ 'bower',
56 silly addNameRange   [ '0.1.0',
56 silly addNameRange     '0.1.2',
56 silly addNameRange     '0.1.3',
56 silly addNameRange     '0.2.0',
56 silly addNameRange     '0.3.0',
56 silly addNameRange     '0.3.1',
56 silly addNameRange     '0.3.2',
56 silly addNameRange     '0.4.0',
56 silly addNameRange     '0.5.0',
56 silly addNameRange     '0.5.1',
56 silly addNameRange     '0.6.0',
56 silly addNameRange     '0.6.1',
56 silly addNameRange     '0.6.2',
56 silly addNameRange     '0.6.3',
56 silly addNameRange     '0.6.4',
56 silly addNameRange     '0.6.5',
56 silly addNameRange     '0.6.6',
56 silly addNameRange     '0.6.7',
56 silly addNameRange     '0.6.8',
56 silly addNameRange     '0.7.0',
56 silly addNameRange     '0.7.1',
56 silly addNameRange     '0.8.0',
56 silly addNameRange     '0.8.1',
56 silly addNameRange     '0.8.2',
56 silly addNameRange     '0.8.3',
56 silly addNameRange     '0.8.4',
56 silly addNameRange     '0.8.5',
56 silly addNameRange     '0.8.6',
56 silly addNameRange     '0.9.0',
56 silly addNameRange     '0.9.1',
56 silly addNameRange     '0.9.2',
56 silly addNameRange     '0.10.0',
56 silly addNameRange     '1.0.0',
56 silly addNameRange     '1.0.1',
56 silly addNameRange     '1.0.2',
56 silly addNameRange     '1.0.3',
56 silly addNameRange     '1.1.0',
56 silly addNameRange     '1.1.1',
56 silly addNameRange     '1.1.2',
56 silly addNameRange     '1.2.0',
56 silly addNameRange     '1.2.1',
56 silly addNameRange     '1.2.2',
56 silly addNameRange     '1.2.3',
56 silly addNameRange     '1.2.4',
56 silly addNameRange     '1.2.5',
56 silly addNameRange     '1.2.6',
56 silly addNameRange     '1.2.7',
56 silly addNameRange     '1.2.8',
56 silly addNameRange     '1.3.0',
56 silly addNameRange     '1.3.1',
56 silly addNameRange     '1.3.2',
56 silly addNameRange     '1.3.3',
56 silly addNameRange     '1.3.4',
56 silly addNameRange     '1.3.5',
56 silly addNameRange     '1.3.6',
56 silly addNameRange     '1.3.7',
56 silly addNameRange     '1.3.8' ] ]
57 verbose addNamed [ 'bower', '1.3.8' ]
58 verbose addNamed [ '1.3.8', '1.3.8' ]
59 silly lockFile 7946917f-bower-1-3-8 bower@1.3.8
60 verbose lock bower@1.3.8 /Users/JuliaJoseph/.npm/7946917f-bower-1-3-8.lock
61 silly lockFile ad8e0082--npmjs-org-bower-bower-1-3-8-tgz https://registry.npmjs.org/bower/-/bower-1.3.8.tgz
62 verbose lock https://registry.npmjs.org/bower/-/bower-1.3.8.tgz /Users/JuliaJoseph/.npm/ad8e0082--npmjs-org-bower-bower-1-3-8-tgz.lock
63 verbose addRemoteTarball [ 'https://registry.npmjs.org/bower/-/bower-1.3.8.tgz',
63 verbose addRemoteTarball   'afa3338a8a88a6e084c38112ea4a15998cbee3e6' ]
64 info retry fetch attempt 1 at 14:33:58
65 verbose fetch to= /var/folders/hh/y2_npyzn7pldd3ky151k30gm0000gn/T/npm-48581-UD7WsxOQ/registry.npmjs.org/bower/-/bower-1.3.8.tgz
66 http GET https://registry.npmjs.org/bower/-/bower-1.3.8.tgz
67 http 200 https://registry.npmjs.org/grunt-cli/-/grunt-cli-0.1.13.tgz
68 silly lockFile ab76c46e-g-grunt-cli-grunt-cli-0-1-13-tgz https://registry.npmjs.org/grunt-cli/-/grunt-cli-0.1.13.tgz
69 silly lockFile ab76c46e-g-grunt-cli-grunt-cli-0-1-13-tgz https://registry.npmjs.org/grunt-cli/-/grunt-cli-0.1.13.tgz
70 silly lockFile 28997503-grunt-cli-0-1-13 grunt-cli@0.1.13
71 silly lockFile 28997503-grunt-cli-0-1-13 grunt-cli@0.1.13
72 silly lockFile d63f3d0b-grunt-cli grunt-cli@
73 silly lockFile d63f3d0b-grunt-cli grunt-cli@
74 http 200 https://registry.npmjs.org/bower/-/bower-1.3.8.tgz
75 silly lockFile ad8e0082--npmjs-org-bower-bower-1-3-8-tgz https://registry.npmjs.org/bower/-/bower-1.3.8.tgz
76 silly lockFile ad8e0082--npmjs-org-bower-bower-1-3-8-tgz https://registry.npmjs.org/bower/-/bower-1.3.8.tgz
77 silly lockFile 7946917f-bower-1-3-8 bower@1.3.8
78 silly lockFile 7946917f-bower-1-3-8 bower@1.3.8
79 silly lockFile 1240aab1-bower bower@
80 silly lockFile 1240aab1-bower bower@
81 error Error: EACCES, mkdir '/Users/JuliaJoseph/.npm/bower/1.3.8'
81 error  { [Error: EACCES, mkdir '/Users/JuliaJoseph/.npm/bower/1.3.8']
81 error   errno: 3,
81 error   code: 'EACCES',
81 error   path: '/Users/JuliaJoseph/.npm/bower/1.3.8' }
82 error Please try running this command again as root/Administrator.
83 error System Darwin 13.2.0
84 error command "node" "/usr/local/bin/npm" "install" "-g" "bower" "grunt-cli"
85 error cwd /Users/JuliaJoseph/Documents/Github/bouchardtrading
86 error node -v v0.10.29
87 error npm -v 1.4.14
88 error path /Users/JuliaJoseph/.npm/bower/1.3.8
89 error code EACCES
90 error errno 3
91 error stack Error: EACCES, mkdir '/Users/JuliaJoseph/.npm/bower/1.3.8'
92 verbose exit [ 3, true ]
